<?xml version="1.0" encoding="UTF-8"?>
<!-- Generated by org.testng.reporters.JUnitReportReporter -->
<testsuite hostname="Bhushan-More.local" failures="0" tests="3" name="com.qa.Dream11.testcases.RegressionPWA" time="86.887" errors="0" timestamp="05 Jun 2019 08:09:54 GMT" skipped="0">
  <testcase classname="com.qa.Dream11.testcases.RegressionPWA" name="registerUser" time="18.592"/>
  <testcase classname="com.qa.Dream11.testcases.RegressionPWA" name="selectRound" time="1.645"/>
  <testcase classname="com.qa.Dream11.testcases.RegressionPWA" name="createTeam" time="66.650"/>
</testsuite> <!-- com.qa.Dream11.testcases.RegressionPWA -->
