<?xml version="1.0" encoding="UTF-8"?>
<!-- Generated by org.testng.reporters.JUnitReportReporter -->
<testsuite hostname="Bhushan-More.local" failures="0" tests="1" name="com.qa.Dream11.testcases.sampletest" time="3.545" errors="0" timestamp="23 Apr 2019 12:39:05 GMT" skipped="0">
  <testcase classname="com.qa.Dream11.testcases.sampletest" name="testMethod" time="3.545"/>
</testsuite> <!-- com.qa.Dream11.testcases.sampletest -->
