<?xml version="1.0" encoding="UTF-8"?>
<!-- Generated by org.testng.reporters.JUnitReportReporter -->
<testsuite hostname="Bhushan-More.local" failures="0" tests="1" name="com.qa.Dream11.testcases.SplashTest" time="9.983" errors="0" timestamp="23 Apr 2019 13:31:16 GMT" skipped="0">
  <testcase classname="com.qa.Dream11.testcases.SplashTest" name="login" time="9.983"/>
</testsuite> <!-- com.qa.Dream11.testcases.SplashTest -->
