<?xml version="1.0" encoding="UTF-8"?>
<!-- Generated by org.testng.reporters.JUnitReportReporter -->
<testsuite hostname="Bhushan-More.local" failures="0" tests="1" name="com.qa.Dream11.testcases.LoginPage" time="6.364" errors="0" timestamp="23 Apr 2019 13:02:32 GMT" skipped="0">
  <testcase classname="com.qa.Dream11.testcases.LoginPage" name="loginMethod" time="6.364"/>
</testsuite> <!-- com.qa.Dream11.testcases.LoginPage -->
