<?xml version="1.0" encoding="UTF-8"?>
<!-- Generated by org.testng.reporters.JUnitReportReporter -->
<testsuite hostname="Bhushan-More.local" failures="0" tests="3" name="com.qa.Dream11.testcases.RegressionPWA" time="93.507" errors="0" timestamp="05 Jun 2019 05:34:01 GMT" skipped="0">
  <testcase classname="com.qa.Dream11.testcases.RegressionPWA" name="registerUser" time="16.320"/>
  <testcase classname="com.qa.Dream11.testcases.RegressionPWA" name="selectRound" time="1.744"/>
  <testcase classname="com.qa.Dream11.testcases.RegressionPWA" name="createTeam" time="75.443"/>
</testsuite> <!-- com.qa.Dream11.testcases.RegressionPWA -->
