<?xml version="1.0" encoding="UTF-8"?>
<!-- Generated by org.testng.reporters.JUnitReportReporter -->
<testsuite hostname="Bhushan-More.local" failures="0" tests="1" name="com.qa.Dream11.testcases.RegressionPWA" time="85.792" errors="0" timestamp="22 May 2019 11:26:45 GMT" skipped="0">
  <testcase classname="com.qa.Dream11.testcases.RegressionPWA" name="login" time="85.792"/>
</testsuite> <!-- com.qa.Dream11.testcases.RegressionPWA -->
